2024-04-03 19:48:22.024+0000 INFO  Running in daemon mode, all <Console> appenders will be suppressed:
2024-04-03 19:48:22.027+0000 INFO  Removing console appender 'ConsoleAppender' with target 'SYSTEM_OUT'.
2024-04-03 19:48:22.028+0000 INFO  Logging config in use: File '/var/lib/neo4j/conf/user-logs.xml'
2024-04-03 19:48:22.038+0000 INFO  Starting...
2024-04-03 19:48:22.910+0000 INFO  This instance is ServerId{16c6bb38} (16c6bb38-4141-4aee-acbf-8fc7ad2719a3)
2024-04-03 19:48:23.451+0000 INFO  ======== Neo4j 5.18.1 ========
2024-04-03 19:48:29.977+0000 INFO  Bolt enabled on 0.0.0.0:7687.
2024-04-03 19:48:30.554+0000 INFO  HTTP enabled on 0.0.0.0:7474.
2024-04-03 19:48:30.556+0000 INFO  Remote interface available at http://localhost:7474/
2024-04-03 19:48:30.558+0000 INFO  id: F3D145A253CB48B40FD3AECEC1B5F96C63905A0D35F3808EB226BDDCC2543DC7
2024-04-03 19:48:30.558+0000 INFO  name: system
2024-04-03 19:48:30.559+0000 INFO  creationDate: 2024-04-03T19:48:24.229Z
2024-04-03 19:48:30.559+0000 INFO  Started.
2024-04-03 19:48:36.410+0000 INFO  Neo4j Server shutdown initiated by request
2024-04-03 19:48:36.410+0000 INFO  Stopping...
2024-04-03 19:48:41.526+0000 INFO  Stopped.
2024-04-03 19:48:43.528+0000 INFO  Logging config in use: File '/var/lib/neo4j/conf/user-logs.xml'
2024-04-03 19:48:43.557+0000 INFO  Starting...
2024-04-03 19:48:44.377+0000 INFO  This instance is ServerId{16c6bb38} (16c6bb38-4141-4aee-acbf-8fc7ad2719a3)
2024-04-03 19:48:44.946+0000 INFO  ======== Neo4j 5.18.1 ========
2024-04-03 19:48:47.039+0000 INFO  Bolt enabled on 0.0.0.0:7687.
2024-04-03 19:48:47.638+0000 INFO  HTTP enabled on 0.0.0.0:7474.
2024-04-03 19:48:47.638+0000 INFO  Remote interface available at http://localhost:7474/
2024-04-03 19:48:47.641+0000 INFO  id: F3D145A253CB48B40FD3AECEC1B5F96C63905A0D35F3808EB226BDDCC2543DC7
2024-04-03 19:48:47.641+0000 INFO  name: system
2024-04-03 19:48:47.641+0000 INFO  creationDate: 2024-04-03T19:48:24.229Z
2024-04-03 19:48:47.641+0000 INFO  Started.
2024-04-04 09:09:05.538+0000 WARN  [bolt-1] The client is unauthorized due to authentication failure.
2024-04-04 09:09:05.871+0000 WARN  [bolt-2] The client is unauthorized due to authentication failure.
2024-04-05 18:39:03.884+0000 INFO  Running in daemon mode, all <Console> appenders will be suppressed:
2024-04-05 18:39:03.888+0000 INFO  Removing console appender 'ConsoleAppender' with target 'SYSTEM_OUT'.
2024-04-05 18:39:03.890+0000 INFO  Logging config in use: File '/var/lib/neo4j/conf/user-logs.xml'
2024-04-05 18:39:03.904+0000 INFO  Starting...
2024-04-05 18:39:05.385+0000 INFO  This instance is ServerId{16c6bb38} (16c6bb38-4141-4aee-acbf-8fc7ad2719a3)
2024-04-05 18:39:06.525+0000 INFO  ======== Neo4j 5.18.1 ========
2024-04-05 18:39:14.496+0000 INFO  Bolt enabled on 0.0.0.0:7687.
2024-04-05 18:39:15.416+0000 INFO  HTTP enabled on 0.0.0.0:7474.
2024-04-05 18:39:15.417+0000 INFO  Remote interface available at http://localhost:7474/
2024-04-05 18:39:15.419+0000 INFO  id: F3D145A253CB48B40FD3AECEC1B5F96C63905A0D35F3808EB226BDDCC2543DC7
2024-04-05 18:39:15.419+0000 INFO  name: system
2024-04-05 18:39:15.420+0000 INFO  creationDate: 2024-04-03T19:48:24.229Z
2024-04-05 18:39:15.420+0000 INFO  Started.
2024-04-05 18:39:25.270+0000 INFO  Neo4j Server shutdown initiated by request
2024-04-05 18:39:25.273+0000 INFO  Stopping...
2024-04-05 18:39:30.643+0000 INFO  Stopped.
2024-04-05 18:39:34.341+0000 INFO  Logging config in use: File '/var/lib/neo4j/conf/user-logs.xml'
2024-04-05 18:39:34.365+0000 INFO  Starting...
2024-04-05 18:39:35.744+0000 INFO  This instance is ServerId{16c6bb38} (16c6bb38-4141-4aee-acbf-8fc7ad2719a3)
2024-04-05 18:39:36.736+0000 INFO  ======== Neo4j 5.18.1 ========
2024-04-05 18:39:40.209+0000 INFO  Bolt enabled on 0.0.0.0:7687.
2024-04-05 18:39:41.244+0000 INFO  HTTP enabled on 0.0.0.0:7474.
2024-04-05 18:39:41.246+0000 INFO  Remote interface available at http://localhost:7474/
2024-04-05 18:39:41.249+0000 INFO  id: F3D145A253CB48B40FD3AECEC1B5F96C63905A0D35F3808EB226BDDCC2543DC7
2024-04-05 18:39:41.250+0000 INFO  name: system
2024-04-05 18:39:41.250+0000 INFO  creationDate: 2024-04-03T19:48:24.229Z
2024-04-05 18:39:41.250+0000 INFO  Started.
2024-04-05 18:41:05.153+0000 INFO  Running in daemon mode, all <Console> appenders will be suppressed:
2024-04-05 18:41:05.169+0000 INFO  Removing console appender 'ConsoleAppender' with target 'SYSTEM_OUT'.
2024-04-05 18:41:05.169+0000 INFO  Logging config in use: File '/var/lib/neo4j/conf/user-logs.xml'
2024-04-05 18:41:05.180+0000 INFO  Starting...
2024-04-05 18:41:06.638+0000 INFO  This instance is ServerId{16c6bb38} (16c6bb38-4141-4aee-acbf-8fc7ad2719a3)
2024-04-05 18:41:07.478+0000 INFO  ======== Neo4j 5.18.1 ========
2024-04-05 18:41:14.802+0000 INFO  Bolt enabled on 0.0.0.0:7687.
2024-04-05 18:41:15.796+0000 INFO  HTTP enabled on 0.0.0.0:7474.
2024-04-05 18:41:15.797+0000 INFO  Remote interface available at http://localhost:7474/
2024-04-05 18:41:15.800+0000 INFO  id: F3D145A253CB48B40FD3AECEC1B5F96C63905A0D35F3808EB226BDDCC2543DC7
2024-04-05 18:41:15.800+0000 INFO  name: system
2024-04-05 18:41:15.800+0000 INFO  creationDate: 2024-04-03T19:48:24.229Z
2024-04-05 18:41:15.801+0000 INFO  Started.
2024-04-05 18:41:25.163+0000 INFO  Neo4j Server shutdown initiated by request
2024-04-05 18:41:25.163+0000 INFO  Stopping...
2024-04-05 18:41:30.354+0000 INFO  Stopped.
2024-04-05 18:41:34.233+0000 INFO  Logging config in use: File '/var/lib/neo4j/conf/user-logs.xml'
2024-04-05 18:41:34.280+0000 INFO  Starting...
2024-04-05 18:41:35.531+0000 INFO  This instance is ServerId{16c6bb38} (16c6bb38-4141-4aee-acbf-8fc7ad2719a3)
2024-04-05 18:41:36.368+0000 INFO  ======== Neo4j 5.18.1 ========
2024-04-05 18:41:39.746+0000 INFO  Bolt enabled on 0.0.0.0:7687.
2024-04-05 18:41:40.650+0000 INFO  HTTP enabled on 0.0.0.0:7474.
2024-04-05 18:41:40.650+0000 INFO  Remote interface available at http://localhost:7474/
2024-04-05 18:41:40.658+0000 INFO  id: F3D145A253CB48B40FD3AECEC1B5F96C63905A0D35F3808EB226BDDCC2543DC7
2024-04-05 18:41:40.658+0000 INFO  name: system
2024-04-05 18:41:40.658+0000 INFO  creationDate: 2024-04-03T19:48:24.229Z
2024-04-05 18:41:40.658+0000 INFO  Started.
2024-04-05 18:46:39.356+0000 INFO  Running in daemon mode, all <Console> appenders will be suppressed:
2024-04-05 18:46:39.360+0000 INFO  Removing console appender 'ConsoleAppender' with target 'SYSTEM_OUT'.
2024-04-05 18:46:39.361+0000 INFO  Logging config in use: File '/var/lib/neo4j/conf/user-logs.xml'
2024-04-05 18:46:39.375+0000 INFO  Starting...
2024-04-05 18:46:40.814+0000 INFO  This instance is ServerId{16c6bb38} (16c6bb38-4141-4aee-acbf-8fc7ad2719a3)
2024-04-05 18:46:41.833+0000 INFO  ======== Neo4j 5.18.1 ========
2024-04-05 18:46:49.313+0000 INFO  Bolt enabled on 0.0.0.0:7687.
2024-04-05 18:46:50.375+0000 INFO  HTTP enabled on 0.0.0.0:7474.
2024-04-05 18:46:50.376+0000 INFO  Remote interface available at http://localhost:7474/
2024-04-05 18:46:50.379+0000 INFO  id: F3D145A253CB48B40FD3AECEC1B5F96C63905A0D35F3808EB226BDDCC2543DC7
2024-04-05 18:46:50.379+0000 INFO  name: system
2024-04-05 18:46:50.379+0000 INFO  creationDate: 2024-04-03T19:48:24.229Z
2024-04-05 18:46:50.381+0000 INFO  Started.
2024-04-05 18:47:00.690+0000 INFO  Neo4j Server shutdown initiated by request
2024-04-05 18:47:00.690+0000 INFO  Stopping...
2024-04-05 18:47:06.016+0000 INFO  Stopped.
2024-04-05 18:47:08.222+0000 INFO  Logging config in use: File '/var/lib/neo4j/conf/user-logs.xml'
2024-04-05 18:47:08.236+0000 INFO  Starting...
2024-04-05 18:47:09.114+0000 INFO  This instance is ServerId{16c6bb38} (16c6bb38-4141-4aee-acbf-8fc7ad2719a3)
2024-04-05 18:47:09.741+0000 INFO  ======== Neo4j 5.18.1 ========
2024-04-05 18:47:11.944+0000 INFO  Bolt enabled on 0.0.0.0:7687.
2024-04-05 18:47:12.623+0000 INFO  HTTP enabled on 0.0.0.0:7474.
2024-04-05 18:47:12.624+0000 INFO  Remote interface available at http://localhost:7474/
2024-04-05 18:47:12.626+0000 INFO  id: F3D145A253CB48B40FD3AECEC1B5F96C63905A0D35F3808EB226BDDCC2543DC7
2024-04-05 18:47:12.627+0000 INFO  name: system
2024-04-05 18:47:12.627+0000 INFO  creationDate: 2024-04-03T19:48:24.229Z
2024-04-05 18:47:12.628+0000 INFO  Started.
2024-04-05 18:59:21.565+0000 INFO  Running in daemon mode, all <Console> appenders will be suppressed:
2024-04-05 18:59:21.569+0000 INFO  Removing console appender 'ConsoleAppender' with target 'SYSTEM_OUT'.
2024-04-05 18:59:21.570+0000 INFO  Logging config in use: File '/var/lib/neo4j/conf/user-logs.xml'
2024-04-05 18:59:21.586+0000 INFO  Starting...
2024-04-05 18:59:23.002+0000 INFO  This instance is ServerId{16c6bb38} (16c6bb38-4141-4aee-acbf-8fc7ad2719a3)
2024-04-05 18:59:23.962+0000 INFO  ======== Neo4j 5.18.1 ========
2024-04-05 18:59:31.783+0000 INFO  Bolt enabled on 0.0.0.0:7687.
2024-04-05 18:59:32.768+0000 INFO  HTTP enabled on 0.0.0.0:7474.
2024-04-05 18:59:32.769+0000 INFO  Remote interface available at http://localhost:7474/
2024-04-05 18:59:32.777+0000 INFO  id: F3D145A253CB48B40FD3AECEC1B5F96C63905A0D35F3808EB226BDDCC2543DC7
2024-04-05 18:59:32.777+0000 INFO  name: system
2024-04-05 18:59:32.777+0000 INFO  creationDate: 2024-04-03T19:48:24.229Z
2024-04-05 18:59:32.778+0000 INFO  Started.
2024-04-05 18:59:43.055+0000 INFO  Neo4j Server shutdown initiated by request
2024-04-05 18:59:43.055+0000 INFO  Stopping...
2024-04-05 19:00:00.012+0000 INFO  Stopped.
2024-04-05 19:00:03.714+0000 INFO  Logging config in use: File '/var/lib/neo4j/conf/user-logs.xml'
2024-04-05 19:00:03.741+0000 INFO  Starting...
2024-04-05 19:00:05.202+0000 INFO  This instance is ServerId{16c6bb38} (16c6bb38-4141-4aee-acbf-8fc7ad2719a3)
2024-04-05 19:00:06.042+0000 INFO  ======== Neo4j 5.18.1 ========
2024-04-05 19:00:09.395+0000 INFO  Bolt enabled on 0.0.0.0:7687.
2024-04-05 19:00:10.488+0000 INFO  HTTP enabled on 0.0.0.0:7474.
2024-04-05 19:00:10.489+0000 INFO  Remote interface available at http://localhost:7474/
2024-04-05 19:00:10.503+0000 INFO  id: F3D145A253CB48B40FD3AECEC1B5F96C63905A0D35F3808EB226BDDCC2543DC7
2024-04-05 19:00:10.504+0000 INFO  name: system
2024-04-05 19:00:10.504+0000 INFO  creationDate: 2024-04-03T19:48:24.229Z
2024-04-05 19:00:10.505+0000 INFO  Started.
2024-04-05 19:20:55.490+0000 INFO  Running in daemon mode, all <Console> appenders will be suppressed:
2024-04-05 19:20:55.494+0000 INFO  Removing console appender 'ConsoleAppender' with target 'SYSTEM_OUT'.
2024-04-05 19:20:55.495+0000 INFO  Logging config in use: File '/var/lib/neo4j/conf/user-logs.xml'
2024-04-05 19:20:55.535+0000 INFO  Starting...
2024-04-05 19:20:56.944+0000 INFO  This instance is ServerId{16c6bb38} (16c6bb38-4141-4aee-acbf-8fc7ad2719a3)
2024-04-05 19:20:57.752+0000 INFO  ======== Neo4j 5.18.1 ========
2024-04-05 19:21:05.437+0000 INFO  Bolt enabled on 0.0.0.0:7687.
2024-04-05 19:21:06.543+0000 INFO  HTTP enabled on 0.0.0.0:7474.
2024-04-05 19:21:06.549+0000 INFO  Remote interface available at http://localhost:7474/
2024-04-05 19:21:06.553+0000 INFO  id: F3D145A253CB48B40FD3AECEC1B5F96C63905A0D35F3808EB226BDDCC2543DC7
2024-04-05 19:21:06.553+0000 INFO  name: system
2024-04-05 19:21:06.553+0000 INFO  creationDate: 2024-04-03T19:48:24.229Z
2024-04-05 19:21:06.557+0000 INFO  Started.
2024-04-05 19:21:16.445+0000 INFO  Neo4j Server shutdown initiated by request
2024-04-05 19:21:16.445+0000 INFO  Stopping...
2024-04-05 19:21:21.653+0000 INFO  Stopped.
2024-04-05 19:21:25.231+0000 INFO  Logging config in use: File '/var/lib/neo4j/conf/user-logs.xml'
2024-04-05 19:21:25.258+0000 INFO  Starting...
2024-04-05 19:21:26.645+0000 INFO  This instance is ServerId{16c6bb38} (16c6bb38-4141-4aee-acbf-8fc7ad2719a3)
2024-04-05 19:21:27.500+0000 INFO  ======== Neo4j 5.18.1 ========
2024-04-05 19:21:30.936+0000 INFO  Bolt enabled on 0.0.0.0:7687.
2024-04-05 19:21:31.947+0000 INFO  HTTP enabled on 0.0.0.0:7474.
2024-04-05 19:21:31.952+0000 INFO  Remote interface available at http://localhost:7474/
2024-04-05 19:21:31.956+0000 INFO  id: F3D145A253CB48B40FD3AECEC1B5F96C63905A0D35F3808EB226BDDCC2543DC7
2024-04-05 19:21:31.957+0000 INFO  name: system
2024-04-05 19:21:31.961+0000 INFO  creationDate: 2024-04-03T19:48:24.229Z
2024-04-05 19:21:31.962+0000 INFO  Started.
2024-04-05 19:25:44.126+0000 ERROR Increase in network aborts detected (more than 2 network related connection aborts over a period of 600000 ms) - This may indicate an issue with the network environment or an overload condition
2024-04-05 19:33:34.806+0000 INFO  Running in daemon mode, all <Console> appenders will be suppressed:
2024-04-05 19:33:34.810+0000 INFO  Removing console appender 'ConsoleAppender' with target 'SYSTEM_OUT'.
2024-04-05 19:33:34.810+0000 INFO  Logging config in use: File '/var/lib/neo4j/conf/user-logs.xml'
2024-04-05 19:33:34.839+0000 INFO  Starting...
2024-04-05 19:33:36.185+0000 INFO  This instance is ServerId{16c6bb38} (16c6bb38-4141-4aee-acbf-8fc7ad2719a3)
2024-04-05 19:33:37.150+0000 INFO  ======== Neo4j 5.18.1 ========
2024-04-05 19:33:44.867+0000 INFO  Bolt enabled on 0.0.0.0:7687.
2024-04-05 19:33:45.850+0000 INFO  HTTP enabled on 0.0.0.0:7474.
2024-04-05 19:33:45.850+0000 INFO  Remote interface available at http://localhost:7474/
2024-04-05 19:33:45.858+0000 INFO  id: F3D145A253CB48B40FD3AECEC1B5F96C63905A0D35F3808EB226BDDCC2543DC7
2024-04-05 19:33:45.858+0000 INFO  name: system
2024-04-05 19:33:45.859+0000 INFO  creationDate: 2024-04-03T19:48:24.229Z
2024-04-05 19:33:45.861+0000 INFO  Started.
2024-04-05 19:33:53.473+0000 INFO  Neo4j Server shutdown initiated by request
2024-04-05 19:33:53.473+0000 INFO  Stopping...
2024-04-05 19:33:58.565+0000 INFO  Stopped.
2024-04-05 19:34:00.738+0000 INFO  Logging config in use: File '/var/lib/neo4j/conf/user-logs.xml'
2024-04-05 19:34:00.770+0000 INFO  Starting...
2024-04-05 19:34:01.611+0000 INFO  This instance is ServerId{16c6bb38} (16c6bb38-4141-4aee-acbf-8fc7ad2719a3)
2024-04-05 19:34:02.175+0000 INFO  ======== Neo4j 5.18.1 ========
2024-04-05 19:34:04.271+0000 INFO  Bolt enabled on 0.0.0.0:7687.
2024-04-05 19:34:04.921+0000 INFO  HTTP enabled on 0.0.0.0:7474.
2024-04-05 19:34:04.922+0000 INFO  Remote interface available at http://localhost:7474/
2024-04-05 19:34:04.925+0000 INFO  id: F3D145A253CB48B40FD3AECEC1B5F96C63905A0D35F3808EB226BDDCC2543DC7
2024-04-05 19:34:04.940+0000 INFO  name: system
2024-04-05 19:34:04.943+0000 INFO  creationDate: 2024-04-03T19:48:24.229Z
2024-04-05 19:34:04.944+0000 INFO  Started.
2024-04-05 19:39:21.570+0000 INFO  Running in daemon mode, all <Console> appenders will be suppressed:
2024-04-05 19:39:21.576+0000 INFO  Removing console appender 'ConsoleAppender' with target 'SYSTEM_OUT'.
2024-04-05 19:39:21.577+0000 INFO  Logging config in use: File '/var/lib/neo4j/conf/user-logs.xml'
2024-04-05 19:39:21.621+0000 INFO  Starting...
2024-04-05 19:39:22.959+0000 INFO  This instance is ServerId{16c6bb38} (16c6bb38-4141-4aee-acbf-8fc7ad2719a3)
2024-04-05 19:39:23.764+0000 INFO  ======== Neo4j 5.18.1 ========
2024-04-05 19:39:31.098+0000 INFO  Bolt enabled on 0.0.0.0:7687.
2024-04-05 19:39:31.909+0000 INFO  HTTP enabled on 0.0.0.0:7474.
2024-04-05 19:39:31.910+0000 INFO  Remote interface available at http://localhost:7474/
2024-04-05 19:39:31.912+0000 INFO  id: F3D145A253CB48B40FD3AECEC1B5F96C63905A0D35F3808EB226BDDCC2543DC7
2024-04-05 19:39:31.913+0000 INFO  name: system
2024-04-05 19:39:31.913+0000 INFO  creationDate: 2024-04-03T19:48:24.229Z
2024-04-05 19:39:31.913+0000 INFO  Started.
2024-04-05 19:40:45.838+0000 INFO  Running in daemon mode, all <Console> appenders will be suppressed:
2024-04-05 19:40:45.842+0000 INFO  Removing console appender 'ConsoleAppender' with target 'SYSTEM_OUT'.
2024-04-05 19:40:45.843+0000 INFO  Logging config in use: File '/var/lib/neo4j/conf/user-logs.xml'
2024-04-05 19:40:45.876+0000 INFO  Starting...
2024-04-05 19:40:47.297+0000 INFO  This instance is ServerId{16c6bb38} (16c6bb38-4141-4aee-acbf-8fc7ad2719a3)
2024-04-05 19:40:48.300+0000 INFO  ======== Neo4j 5.18.1 ========
2024-04-05 19:40:55.763+0000 INFO  Bolt enabled on 0.0.0.0:7687.
2024-04-05 19:40:56.833+0000 INFO  HTTP enabled on 0.0.0.0:7474.
2024-04-05 19:40:56.834+0000 INFO  Remote interface available at http://localhost:7474/
2024-04-05 19:40:56.836+0000 INFO  id: F3D145A253CB48B40FD3AECEC1B5F96C63905A0D35F3808EB226BDDCC2543DC7
2024-04-05 19:40:56.840+0000 INFO  name: system
2024-04-05 19:40:56.841+0000 INFO  creationDate: 2024-04-03T19:48:24.229Z
2024-04-05 19:40:56.841+0000 INFO  Started.
2024-04-05 19:43:10.965+0000 INFO  Running in daemon mode, all <Console> appenders will be suppressed:
2024-04-05 19:43:10.968+0000 INFO  Removing console appender 'ConsoleAppender' with target 'SYSTEM_OUT'.
2024-04-05 19:43:10.969+0000 INFO  Logging config in use: File '/var/lib/neo4j/conf/user-logs.xml'
2024-04-05 19:43:10.982+0000 INFO  Starting...
2024-04-05 19:43:12.238+0000 INFO  This instance is ServerId{df12e7c4} (df12e7c4-7523-4ac7-9e07-a37b38bc7508)
2024-04-05 19:43:12.935+0000 INFO  ======== Neo4j 5.18.1 ========
2024-04-05 19:43:20.649+0000 INFO  Bolt enabled on 0.0.0.0:7687.
2024-04-05 19:43:21.660+0000 INFO  HTTP enabled on 0.0.0.0:7474.
2024-04-05 19:43:21.667+0000 INFO  Remote interface available at http://localhost:7474/
2024-04-05 19:43:21.670+0000 INFO  id: 549D49A9C9E0D63D00E69BED6D3BAE00CDCBE82760FCB3FDEF626F5BFD550722
2024-04-05 19:43:21.670+0000 INFO  name: system
2024-04-05 19:43:21.670+0000 INFO  creationDate: 2024-04-05T19:43:13.892Z
2024-04-05 19:43:21.681+0000 INFO  Started.
2024-04-05 19:43:31.771+0000 INFO  Neo4j Server shutdown initiated by request
2024-04-05 19:43:31.771+0000 INFO  Stopping...
2024-04-05 19:43:47.762+0000 INFO  Stopped.
2024-04-05 19:43:51.353+0000 INFO  Logging config in use: File '/var/lib/neo4j/conf/user-logs.xml'
2024-04-05 19:43:51.368+0000 INFO  Starting...
2024-04-05 19:43:52.813+0000 INFO  This instance is ServerId{df12e7c4} (df12e7c4-7523-4ac7-9e07-a37b38bc7508)
2024-04-05 19:43:53.661+0000 INFO  ======== Neo4j 5.18.1 ========
2024-04-05 19:43:57.058+0000 INFO  Bolt enabled on 0.0.0.0:7687.
2024-04-05 19:43:57.931+0000 INFO  HTTP enabled on 0.0.0.0:7474.
2024-04-05 19:43:57.932+0000 INFO  Remote interface available at http://localhost:7474/
2024-04-05 19:43:57.935+0000 INFO  id: 549D49A9C9E0D63D00E69BED6D3BAE00CDCBE82760FCB3FDEF626F5BFD550722
2024-04-05 19:43:57.936+0000 INFO  name: system
2024-04-05 19:43:57.936+0000 INFO  creationDate: 2024-04-05T19:43:13.892Z
2024-04-05 19:43:57.938+0000 INFO  Started.
2024-04-05 19:53:33.785+0000 INFO  Running in daemon mode, all <Console> appenders will be suppressed:
2024-04-05 19:53:33.788+0000 INFO  Removing console appender 'ConsoleAppender' with target 'SYSTEM_OUT'.
2024-04-05 19:53:33.789+0000 INFO  Logging config in use: File '/var/lib/neo4j/conf/user-logs.xml'
2024-04-05 19:53:33.815+0000 INFO  Starting...
2024-04-05 19:53:34.746+0000 INFO  This instance is ServerId{df12e7c4} (df12e7c4-7523-4ac7-9e07-a37b38bc7508)
2024-04-05 19:53:35.531+0000 INFO  ======== Neo4j 5.18.1 ========
2024-04-05 19:53:41.814+0000 INFO  Bolt enabled on 0.0.0.0:7687.
2024-04-05 19:53:42.615+0000 INFO  HTTP enabled on 0.0.0.0:7474.
2024-04-05 19:53:42.615+0000 INFO  Remote interface available at http://localhost:7474/
2024-04-05 19:53:42.618+0000 INFO  id: 549D49A9C9E0D63D00E69BED6D3BAE00CDCBE82760FCB3FDEF626F5BFD550722
2024-04-05 19:53:42.618+0000 INFO  name: system
2024-04-05 19:53:42.618+0000 INFO  creationDate: 2024-04-05T19:43:13.892Z
2024-04-05 19:53:42.619+0000 INFO  Started.
2024-04-05 19:53:48.744+0000 INFO  Neo4j Server shutdown initiated by request
2024-04-05 19:53:48.744+0000 INFO  Stopping...
2024-04-05 19:53:53.873+0000 INFO  Stopped.
2024-04-05 19:53:55.872+0000 INFO  Logging config in use: File '/var/lib/neo4j/conf/user-logs.xml'
2024-04-05 19:53:55.901+0000 INFO  Starting...
2024-04-05 19:53:56.804+0000 INFO  This instance is ServerId{df12e7c4} (df12e7c4-7523-4ac7-9e07-a37b38bc7508)
2024-04-05 19:53:57.367+0000 INFO  ======== Neo4j 5.18.1 ========
2024-04-05 19:53:59.324+0000 INFO  Bolt enabled on 0.0.0.0:7687.
2024-04-05 19:53:59.899+0000 INFO  HTTP enabled on 0.0.0.0:7474.
2024-04-05 19:53:59.900+0000 INFO  Remote interface available at http://localhost:7474/
2024-04-05 19:53:59.902+0000 INFO  id: 549D49A9C9E0D63D00E69BED6D3BAE00CDCBE82760FCB3FDEF626F5BFD550722
2024-04-05 19:53:59.903+0000 INFO  name: system
2024-04-05 19:53:59.903+0000 INFO  creationDate: 2024-04-05T19:43:13.892Z
2024-04-05 19:53:59.904+0000 INFO  Started.
2024-04-07 07:40:10.345+0000 INFO  Running in daemon mode, all <Console> appenders will be suppressed:
2024-04-07 07:40:10.349+0000 INFO  Removing console appender 'ConsoleAppender' with target 'SYSTEM_OUT'.
2024-04-07 07:40:10.350+0000 INFO  Logging config in use: File '/var/lib/neo4j/conf/user-logs.xml'
2024-04-07 07:40:10.363+0000 INFO  Starting...
2024-04-07 07:40:11.564+0000 INFO  This instance is ServerId{df12e7c4} (df12e7c4-7523-4ac7-9e07-a37b38bc7508)
2024-04-07 07:40:12.307+0000 INFO  ======== Neo4j 5.18.1 ========
2024-04-07 07:40:18.480+0000 INFO  Bolt enabled on 0.0.0.0:7687.
2024-04-07 07:40:19.103+0000 INFO  HTTP enabled on 0.0.0.0:7474.
2024-04-07 07:40:19.104+0000 INFO  Remote interface available at http://localhost:7474/
2024-04-07 07:40:19.107+0000 INFO  id: 549D49A9C9E0D63D00E69BED6D3BAE00CDCBE82760FCB3FDEF626F5BFD550722
2024-04-07 07:40:19.107+0000 INFO  name: system
2024-04-07 07:40:19.108+0000 INFO  creationDate: 2024-04-05T19:43:13.892Z
2024-04-07 07:40:19.108+0000 INFO  Started.
2024-04-07 07:40:24.966+0000 INFO  Neo4j Server shutdown initiated by request
2024-04-07 07:40:24.967+0000 INFO  Stopping...
2024-04-07 07:40:30.076+0000 INFO  Stopped.
2024-04-07 07:40:32.067+0000 INFO  Logging config in use: File '/var/lib/neo4j/conf/user-logs.xml'
2024-04-07 07:40:32.082+0000 INFO  Starting...
2024-04-07 07:40:32.894+0000 INFO  This instance is ServerId{df12e7c4} (df12e7c4-7523-4ac7-9e07-a37b38bc7508)
2024-04-07 07:40:33.403+0000 INFO  ======== Neo4j 5.18.1 ========
2024-04-07 07:40:35.338+0000 INFO  Bolt enabled on 0.0.0.0:7687.
2024-04-07 07:40:35.911+0000 INFO  HTTP enabled on 0.0.0.0:7474.
2024-04-07 07:40:35.912+0000 INFO  Remote interface available at http://localhost:7474/
2024-04-07 07:40:35.914+0000 INFO  id: 549D49A9C9E0D63D00E69BED6D3BAE00CDCBE82760FCB3FDEF626F5BFD550722
2024-04-07 07:40:35.915+0000 INFO  name: system
2024-04-07 07:40:35.915+0000 INFO  creationDate: 2024-04-05T19:43:13.892Z
2024-04-07 07:40:35.916+0000 INFO  Started.
2024-04-07 07:50:28.828+0000 INFO  Running in daemon mode, all <Console> appenders will be suppressed:
2024-04-07 07:50:28.831+0000 INFO  Removing console appender 'ConsoleAppender' with target 'SYSTEM_OUT'.
2024-04-07 07:50:28.831+0000 INFO  Logging config in use: File '/var/lib/neo4j/conf/user-logs.xml'
2024-04-07 07:50:28.842+0000 INFO  Starting...
2024-04-07 07:50:29.598+0000 INFO  This instance is ServerId{df12e7c4} (df12e7c4-7523-4ac7-9e07-a37b38bc7508)
2024-04-07 07:50:30.109+0000 INFO  ======== Neo4j 5.18.1 ========
2024-04-07 07:50:36.524+0000 INFO  Bolt enabled on 0.0.0.0:7687.
2024-04-07 07:50:37.079+0000 INFO  HTTP enabled on 0.0.0.0:7474.
2024-04-07 07:50:37.080+0000 INFO  Remote interface available at http://localhost:7474/
2024-04-07 07:50:37.082+0000 INFO  id: 549D49A9C9E0D63D00E69BED6D3BAE00CDCBE82760FCB3FDEF626F5BFD550722
2024-04-07 07:50:37.082+0000 INFO  name: system
2024-04-07 07:50:37.082+0000 INFO  creationDate: 2024-04-05T19:43:13.892Z
2024-04-07 07:50:37.083+0000 INFO  Started.
2024-04-07 07:50:42.941+0000 INFO  Neo4j Server shutdown initiated by request
2024-04-07 07:50:42.941+0000 INFO  Stopping...
2024-04-07 07:50:48.044+0000 INFO  Stopped.
2024-04-07 07:50:50.196+0000 INFO  Logging config in use: File '/var/lib/neo4j/conf/user-logs.xml'
2024-04-07 07:50:50.212+0000 INFO  Starting...
2024-04-07 07:50:51.081+0000 INFO  This instance is ServerId{df12e7c4} (df12e7c4-7523-4ac7-9e07-a37b38bc7508)
2024-04-07 07:50:51.727+0000 INFO  ======== Neo4j 5.18.1 ========
2024-04-07 07:50:54.078+0000 INFO  Bolt enabled on 0.0.0.0:7687.
2024-04-07 07:50:54.688+0000 INFO  HTTP enabled on 0.0.0.0:7474.
2024-04-07 07:50:54.690+0000 INFO  Remote interface available at http://localhost:7474/
2024-04-07 07:50:54.696+0000 INFO  id: 549D49A9C9E0D63D00E69BED6D3BAE00CDCBE82760FCB3FDEF626F5BFD550722
2024-04-07 07:50:54.696+0000 INFO  name: system
2024-04-07 07:50:54.697+0000 INFO  creationDate: 2024-04-05T19:43:13.892Z
2024-04-07 07:50:54.699+0000 INFO  Started.
2024-04-07 08:36:01.013+0000 INFO  Running in daemon mode, all <Console> appenders will be suppressed:
2024-04-07 08:36:01.016+0000 INFO  Removing console appender 'ConsoleAppender' with target 'SYSTEM_OUT'.
2024-04-07 08:36:01.017+0000 INFO  Logging config in use: File '/var/lib/neo4j/conf/user-logs.xml'
2024-04-07 08:36:01.028+0000 INFO  Starting...
2024-04-07 08:36:01.812+0000 INFO  This instance is ServerId{df12e7c4} (df12e7c4-7523-4ac7-9e07-a37b38bc7508)
2024-04-07 08:36:02.352+0000 INFO  ======== Neo4j 5.18.1 ========
2024-04-07 08:36:08.348+0000 INFO  Bolt enabled on 0.0.0.0:7687.
2024-04-07 08:36:08.909+0000 INFO  HTTP enabled on 0.0.0.0:7474.
2024-04-07 08:36:08.910+0000 INFO  Remote interface available at http://localhost:7474/
2024-04-07 08:36:08.912+0000 INFO  id: 549D49A9C9E0D63D00E69BED6D3BAE00CDCBE82760FCB3FDEF626F5BFD550722
2024-04-07 08:36:08.912+0000 INFO  name: system
2024-04-07 08:36:08.912+0000 INFO  creationDate: 2024-04-05T19:43:13.892Z
2024-04-07 08:36:08.913+0000 INFO  Started.
2024-04-07 08:36:15.119+0000 INFO  Neo4j Server shutdown initiated by request
2024-04-07 08:36:15.119+0000 INFO  Stopping...
2024-04-07 08:36:20.822+0000 INFO  Stopped.
2024-04-07 08:36:22.899+0000 INFO  Logging config in use: File '/var/lib/neo4j/conf/user-logs.xml'
2024-04-07 08:36:22.913+0000 INFO  Starting...
2024-04-07 08:36:23.780+0000 INFO  This instance is ServerId{df12e7c4} (df12e7c4-7523-4ac7-9e07-a37b38bc7508)
2024-04-07 08:36:24.318+0000 INFO  ======== Neo4j 5.18.1 ========
2024-04-07 08:36:26.416+0000 INFO  Bolt enabled on 0.0.0.0:7687.
2024-04-07 08:36:26.974+0000 INFO  HTTP enabled on 0.0.0.0:7474.
2024-04-07 08:36:26.975+0000 INFO  Remote interface available at http://localhost:7474/
2024-04-07 08:36:26.978+0000 INFO  id: 549D49A9C9E0D63D00E69BED6D3BAE00CDCBE82760FCB3FDEF626F5BFD550722
2024-04-07 08:36:26.979+0000 INFO  name: system
2024-04-07 08:36:26.979+0000 INFO  creationDate: 2024-04-05T19:43:13.892Z
2024-04-07 08:36:26.979+0000 INFO  Started.
